<?xml version="1.0" encoding="UTF-8"?>
<testng-results ignored="0" total="1" passed="1" failed="0" skipped="0">
  <reporter-output>
  </reporter-output>
  <suite started-at="2023-10-19T20:47:52 IST" name="Default suite" finished-at="2023-10-19T20:47:53 IST" duration-ms="83">
    <groups>
    </groups>
    <test started-at="2023-10-19T20:47:52 IST" name="Default test" finished-at="2023-10-19T20:47:53 IST" duration-ms="83">
      <class name="NameOfOrganisation.PranayTutorial.FirstTest">
        <test-method signature="Demo()[pri:0, instance:NameOfOrganisation.PranayTutorial.FirstTest@7b98f307]" started-at="2023-10-19T20:47:53 IST" name="Demo" finished-at="2023-10-19T20:47:53 IST" duration-ms="13" status="PASS">
          <reporter-output>
          </reporter-output>
        </test-method> <!-- Demo -->
      </class> <!-- NameOfOrganisation.PranayTutorial.FirstTest -->
    </test> <!-- Default test -->
  </suite> <!-- Default suite -->
</testng-results>
